<?xml version="1.0" encoding="UTF-8"?>
<robot generator="Robot 6.1.1 (Python 3.10.12 on linux)" generated="20231116 18:51:53.064" rpa="false" schemaversion="4">
<suite id="s1" name="Tests" source="/home/adyuusuf/palautusrepositorio/viikko3/login-robot/src/tests">
<suite id="s1-s1" name="Login" source="/home/adyuusuf/palautusrepositorio/viikko3/login-robot/src/tests/login.robot">
<test id="s1-s1-t1" name="Login With Correct Credentials" line="6">
<kw name="Create User And Input Login Command" type="SETUP">
<kw name="Create User" library="AppLibrary">
<arg>kalle</arg>
<arg>kalle123</arg>
<status status="PASS" starttime="20231116 18:51:53.079" endtime="20231116 18:51:53.079"/>
</kw>
<kw name="Input Login Command" library="resource">
<kw name="Input" library="AppLibrary">
<arg>login</arg>
<status status="PASS" starttime="20231116 18:51:53.079" endtime="20231116 18:51:53.079"/>
</kw>
<status status="PASS" starttime="20231116 18:51:53.079" endtime="20231116 18:51:53.079"/>
</kw>
<status status="PASS" starttime="20231116 18:51:53.078" endtime="20231116 18:51:53.079"/>
</kw>
<kw name="Input Credentials" library="resource">
<arg>kalle</arg>
<arg>kalle123</arg>
<kw name="Input" library="AppLibrary">
<arg>${username}</arg>
<status status="PASS" starttime="20231116 18:51:53.079" endtime="20231116 18:51:53.079"/>
</kw>
<kw name="Input" library="AppLibrary">
<arg>${password}</arg>
<status status="PASS" starttime="20231116 18:51:53.079" endtime="20231116 18:51:53.080"/>
</kw>
<kw name="Run Application" library="AppLibrary">
<status status="PASS" starttime="20231116 18:51:53.080" endtime="20231116 18:51:53.080"/>
</kw>
<status status="PASS" starttime="20231116 18:51:53.079" endtime="20231116 18:51:53.080"/>
</kw>
<kw name="Output Should Contain" library="AppLibrary">
<arg>Logged in</arg>
<status status="PASS" starttime="20231116 18:51:53.080" endtime="20231116 18:51:53.080"/>
</kw>
<status status="PASS" starttime="20231116 18:51:53.078" endtime="20231116 18:51:53.080"/>
</test>
<test id="s1-s1-t2" name="Login With Incorrect Password" line="17">
<kw name="Create User And Input Login Command" type="SETUP">
<kw name="Create User" library="AppLibrary">
<arg>kalle</arg>
<arg>kalle123</arg>
<status status="PASS" starttime="20231116 18:51:53.080" endtime="20231116 18:51:53.081"/>
</kw>
<kw name="Input Login Command" library="resource">
<kw name="Input" library="AppLibrary">
<arg>login</arg>
<status status="PASS" starttime="20231116 18:51:53.081" endtime="20231116 18:51:53.081"/>
</kw>
<status status="PASS" starttime="20231116 18:51:53.081" endtime="20231116 18:51:53.081"/>
</kw>
<status status="PASS" starttime="20231116 18:51:53.080" endtime="20231116 18:51:53.081"/>
</kw>
<kw name="Input Credentials" library="resource">
<arg>kalle</arg>
<arg>incorrect_password</arg>
<kw name="Input" library="AppLibrary">
<arg>${username}</arg>
<status status="PASS" starttime="20231116 18:51:53.081" endtime="20231116 18:51:53.081"/>
</kw>
<kw name="Input" library="AppLibrary">
<arg>${password}</arg>
<status status="PASS" starttime="20231116 18:51:53.081" endtime="20231116 18:51:53.081"/>
</kw>
<kw name="Run Application" library="AppLibrary">
<status status="PASS" starttime="20231116 18:51:53.081" endtime="20231116 18:51:53.081"/>
</kw>
<status status="PASS" starttime="20231116 18:51:53.081" endtime="20231116 18:51:53.081"/>
</kw>
<kw name="Output Should Contain" library="AppLibrary">
<arg>Invalid username or password</arg>
<status status="PASS" starttime="20231116 18:51:53.082" endtime="20231116 18:51:53.082"/>
</kw>
<status status="PASS" starttime="20231116 18:51:53.080" endtime="20231116 18:51:53.082"/>
</test>
<test id="s1-s1-t3" name="Login With Nonexistent Username" line="21">
<kw name="Create User And Input Login Command" type="SETUP">
<kw name="Create User" library="AppLibrary">
<arg>kalle</arg>
<arg>kalle123</arg>
<status status="PASS" starttime="20231116 18:51:53.082" endtime="20231116 18:51:53.082"/>
</kw>
<kw name="Input Login Command" library="resource">
<kw name="Input" library="AppLibrary">
<arg>login</arg>
<status status="PASS" starttime="20231116 18:51:53.082" endtime="20231116 18:51:53.082"/>
</kw>
<status status="PASS" starttime="20231116 18:51:53.082" endtime="20231116 18:51:53.083"/>
</kw>
<status status="PASS" starttime="20231116 18:51:53.082" endtime="20231116 18:51:53.083"/>
</kw>
<kw name="Input Credentials" library="resource">
<arg>non_existent_user</arg>
<arg>some_password</arg>
<kw name="Input" library="AppLibrary">
<arg>${username}</arg>
<status status="PASS" starttime="20231116 18:51:53.083" endtime="20231116 18:51:53.083"/>
</kw>
<kw name="Input" library="AppLibrary">
<arg>${password}</arg>
<status status="PASS" starttime="20231116 18:51:53.083" endtime="20231116 18:51:53.083"/>
</kw>
<kw name="Run Application" library="AppLibrary">
<status status="PASS" starttime="20231116 18:51:53.083" endtime="20231116 18:51:53.083"/>
</kw>
<status status="PASS" starttime="20231116 18:51:53.083" endtime="20231116 18:51:53.083"/>
</kw>
<kw name="Output Should Contain" library="AppLibrary">
<arg>Invalid username or password</arg>
<status status="PASS" starttime="20231116 18:51:53.083" endtime="20231116 18:51:53.083"/>
</kw>
<status status="PASS" starttime="20231116 18:51:53.082" endtime="20231116 18:51:53.083"/>
</test>
<status status="PASS" starttime="20231116 18:51:53.075" endtime="20231116 18:51:53.084"/>
</suite>
<status status="PASS" starttime="20231116 18:51:53.065" endtime="20231116 18:51:53.084"/>
</suite>
<statistics>
<total>
<stat pass="3" fail="0" skip="0">All Tests</stat>
</total>
<tag>
</tag>
<suite>
<stat pass="3" fail="0" skip="0" id="s1" name="Tests">Tests</stat>
<stat pass="3" fail="0" skip="0" id="s1-s1" name="Login">Tests.Login</stat>
</suite>
</statistics>
<errors>
</errors>
</robot>
