<?xml version="1.0" encoding="UTF-8"?>
<robot generator="Robot 6.1.1 (Python 3.10.12 on linux)" generated="20231120 22:52:12.257" rpa="false" schemaversion="4">
<suite id="s1" name="Tests" source="/home/adyuusuf/palautusrepositorio/viikko3/login-robot/src/tests">
<suite id="s1-s1" name="Login" source="/home/adyuusuf/palautusrepositorio/viikko3/login-robot/src/tests/login.robot">
<test id="s1-s1-t1" name="Login With Correct Credentials" line="6">
<kw name="Create User And Input Login Command" type="SETUP">
<kw name="Create User" library="AppLibrary">
<arg>kalle</arg>
<arg>kalle123</arg>
<status status="PASS" starttime="20231120 22:52:12.278" endtime="20231120 22:52:12.279"/>
</kw>
<kw name="Input Login Command" library="resource">
<kw name="Input" library="AppLibrary">
<arg>login</arg>
<status status="PASS" starttime="20231120 22:52:12.279" endtime="20231120 22:52:12.279"/>
</kw>
<status status="PASS" starttime="20231120 22:52:12.279" endtime="20231120 22:52:12.279"/>
</kw>
<status status="PASS" starttime="20231120 22:52:12.278" endtime="20231120 22:52:12.279"/>
</kw>
<kw name="Input Credentials" library="resource">
<arg>kalle</arg>
<arg>kalle123</arg>
<kw name="Input" library="AppLibrary">
<arg>${username}</arg>
<status status="PASS" starttime="20231120 22:52:12.279" endtime="20231120 22:52:12.280"/>
</kw>
<kw name="Input" library="AppLibrary">
<arg>${password}</arg>
<status status="PASS" starttime="20231120 22:52:12.280" endtime="20231120 22:52:12.280"/>
</kw>
<kw name="Run Application" library="AppLibrary">
<status status="PASS" starttime="20231120 22:52:12.280" endtime="20231120 22:52:12.280"/>
</kw>
<status status="PASS" starttime="20231120 22:52:12.279" endtime="20231120 22:52:12.280"/>
</kw>
<kw name="Output Should Contain" library="AppLibrary">
<arg>Logged in</arg>
<status status="PASS" starttime="20231120 22:52:12.280" endtime="20231120 22:52:12.280"/>
</kw>
<status status="PASS" starttime="20231120 22:52:12.277" endtime="20231120 22:52:12.280"/>
</test>
<test id="s1-s1-t2" name="Login With Incorrect Password" line="17">
<kw name="Create User And Input Login Command" type="SETUP">
<kw name="Create User" library="AppLibrary">
<arg>kalle</arg>
<arg>kalle123</arg>
<status status="PASS" starttime="20231120 22:52:12.281" endtime="20231120 22:52:12.281"/>
</kw>
<kw name="Input Login Command" library="resource">
<kw name="Input" library="AppLibrary">
<arg>login</arg>
<status status="PASS" starttime="20231120 22:52:12.282" endtime="20231120 22:52:12.282"/>
</kw>
<status status="PASS" starttime="20231120 22:52:12.281" endtime="20231120 22:52:12.282"/>
</kw>
<status status="PASS" starttime="20231120 22:52:12.281" endtime="20231120 22:52:12.282"/>
</kw>
<kw name="Input Credentials" library="resource">
<arg>kalle</arg>
<arg>incorrect_password</arg>
<kw name="Input" library="AppLibrary">
<arg>${username}</arg>
<status status="PASS" starttime="20231120 22:52:12.282" endtime="20231120 22:52:12.282"/>
</kw>
<kw name="Input" library="AppLibrary">
<arg>${password}</arg>
<status status="PASS" starttime="20231120 22:52:12.282" endtime="20231120 22:52:12.282"/>
</kw>
<kw name="Run Application" library="AppLibrary">
<status status="PASS" starttime="20231120 22:52:12.282" endtime="20231120 22:52:12.283"/>
</kw>
<status status="PASS" starttime="20231120 22:52:12.282" endtime="20231120 22:52:12.283"/>
</kw>
<kw name="Output Should Contain" library="AppLibrary">
<arg>Invalid username or password</arg>
<status status="PASS" starttime="20231120 22:52:12.283" endtime="20231120 22:52:12.283"/>
</kw>
<status status="PASS" starttime="20231120 22:52:12.281" endtime="20231120 22:52:12.283"/>
</test>
<test id="s1-s1-t3" name="Login With Nonexistent Username" line="21">
<kw name="Create User And Input Login Command" type="SETUP">
<kw name="Create User" library="AppLibrary">
<arg>kalle</arg>
<arg>kalle123</arg>
<status status="PASS" starttime="20231120 22:52:12.284" endtime="20231120 22:52:12.285"/>
</kw>
<kw name="Input Login Command" library="resource">
<kw name="Input" library="AppLibrary">
<arg>login</arg>
<status status="PASS" starttime="20231120 22:52:12.285" endtime="20231120 22:52:12.285"/>
</kw>
<status status="PASS" starttime="20231120 22:52:12.285" endtime="20231120 22:52:12.285"/>
</kw>
<status status="PASS" starttime="20231120 22:52:12.284" endtime="20231120 22:52:12.285"/>
</kw>
<kw name="Input Credentials" library="resource">
<arg>non_existent_user</arg>
<arg>some_password</arg>
<kw name="Input" library="AppLibrary">
<arg>${username}</arg>
<status status="PASS" starttime="20231120 22:52:12.285" endtime="20231120 22:52:12.286"/>
</kw>
<kw name="Input" library="AppLibrary">
<arg>${password}</arg>
<status status="PASS" starttime="20231120 22:52:12.286" endtime="20231120 22:52:12.286"/>
</kw>
<kw name="Run Application" library="AppLibrary">
<status status="PASS" starttime="20231120 22:52:12.286" endtime="20231120 22:52:12.286"/>
</kw>
<status status="PASS" starttime="20231120 22:52:12.285" endtime="20231120 22:52:12.286"/>
</kw>
<kw name="Output Should Contain" library="AppLibrary">
<arg>Invalid username or password</arg>
<status status="PASS" starttime="20231120 22:52:12.286" endtime="20231120 22:52:12.286"/>
</kw>
<status status="PASS" starttime="20231120 22:52:12.283" endtime="20231120 22:52:12.286"/>
</test>
<status status="PASS" starttime="20231120 22:52:12.272" endtime="20231120 22:52:12.287"/>
</suite>
<suite id="s1-s2" name="Register" source="/home/adyuusuf/palautusrepositorio/viikko3/login-robot/src/tests/register.robot">
<test id="s1-s2-t1" name="Register With Valid Username And Password" line="13">
<kw name="Create User And Input Register Command" type="SETUP">
<kw name="Create User" library="AppLibrary">
<arg>kalle</arg>
<arg>kalle123</arg>
<status status="PASS" starttime="20231120 22:52:12.290" endtime="20231120 22:52:12.290"/>
</kw>
<kw name="Input Register Command" library="resource">
<kw name="Input" library="AppLibrary">
<arg>new</arg>
<status status="PASS" starttime="20231120 22:52:12.290" endtime="20231120 22:52:12.290"/>
</kw>
<status status="PASS" starttime="20231120 22:52:12.290" endtime="20231120 22:52:12.290"/>
</kw>
<status status="PASS" starttime="20231120 22:52:12.289" endtime="20231120 22:52:12.290"/>
</kw>
<kw name="Input Credentials" library="resource">
<arg>pekka</arg>
<arg>pekka123</arg>
<kw name="Input" library="AppLibrary">
<arg>${username}</arg>
<status status="PASS" starttime="20231120 22:52:12.290" endtime="20231120 22:52:12.291"/>
</kw>
<kw name="Input" library="AppLibrary">
<arg>${password}</arg>
<status status="PASS" starttime="20231120 22:52:12.291" endtime="20231120 22:52:12.291"/>
</kw>
<kw name="Run Application" library="AppLibrary">
<status status="PASS" starttime="20231120 22:52:12.291" endtime="20231120 22:52:12.291"/>
</kw>
<status status="PASS" starttime="20231120 22:52:12.290" endtime="20231120 22:52:12.291"/>
</kw>
<kw name="Output Should Contain" library="AppLibrary">
<arg>New user registered</arg>
<status status="PASS" starttime="20231120 22:52:12.291" endtime="20231120 22:52:12.291"/>
</kw>
<status status="PASS" starttime="20231120 22:52:12.289" endtime="20231120 22:52:12.291"/>
</test>
<test id="s1-s2-t2" name="Register With Already Taken Username And Valid Password" line="17">
<kw name="Create User And Input Register Command" type="SETUP">
<kw name="Create User" library="AppLibrary">
<arg>kalle</arg>
<arg>kalle123</arg>
<status status="PASS" starttime="20231120 22:52:12.292" endtime="20231120 22:52:12.293"/>
</kw>
<kw name="Input Register Command" library="resource">
<kw name="Input" library="AppLibrary">
<arg>new</arg>
<status status="PASS" starttime="20231120 22:52:12.293" endtime="20231120 22:52:12.293"/>
</kw>
<status status="PASS" starttime="20231120 22:52:12.293" endtime="20231120 22:52:12.293"/>
</kw>
<status status="PASS" starttime="20231120 22:52:12.292" endtime="20231120 22:52:12.293"/>
</kw>
<kw name="Input Credentials" library="resource">
<arg>kalle</arg>
<arg>kalle123</arg>
<kw name="Input" library="AppLibrary">
<arg>${username}</arg>
<status status="PASS" starttime="20231120 22:52:12.294" endtime="20231120 22:52:12.294"/>
</kw>
<kw name="Input" library="AppLibrary">
<arg>${password}</arg>
<status status="PASS" starttime="20231120 22:52:12.294" endtime="20231120 22:52:12.294"/>
</kw>
<kw name="Run Application" library="AppLibrary">
<status status="PASS" starttime="20231120 22:52:12.294" endtime="20231120 22:52:12.294"/>
</kw>
<status status="PASS" starttime="20231120 22:52:12.293" endtime="20231120 22:52:12.294"/>
</kw>
<kw name="Output Should Contain" library="AppLibrary">
<arg>User with username kalle already exists</arg>
<status status="PASS" starttime="20231120 22:52:12.294" endtime="20231120 22:52:12.295"/>
</kw>
<status status="PASS" starttime="20231120 22:52:12.292" endtime="20231120 22:52:12.295"/>
</test>
<test id="s1-s2-t3" name="Register With Too Short Username And Valid Password" line="21">
<kw name="Create User And Input Register Command" type="SETUP">
<kw name="Create User" library="AppLibrary">
<arg>kalle</arg>
<arg>kalle123</arg>
<status status="PASS" starttime="20231120 22:52:12.295" endtime="20231120 22:52:12.295"/>
</kw>
<kw name="Input Register Command" library="resource">
<kw name="Input" library="AppLibrary">
<arg>new</arg>
<status status="PASS" starttime="20231120 22:52:12.296" endtime="20231120 22:52:12.296"/>
</kw>
<status status="PASS" starttime="20231120 22:52:12.296" endtime="20231120 22:52:12.296"/>
</kw>
<status status="PASS" starttime="20231120 22:52:12.295" endtime="20231120 22:52:12.296"/>
</kw>
<kw name="Input Credentials" library="resource">
<arg>ka</arg>
<arg>kalle123</arg>
<kw name="Input" library="AppLibrary">
<arg>${username}</arg>
<status status="PASS" starttime="20231120 22:52:12.296" endtime="20231120 22:52:12.296"/>
</kw>
<kw name="Input" library="AppLibrary">
<arg>${password}</arg>
<status status="PASS" starttime="20231120 22:52:12.296" endtime="20231120 22:52:12.296"/>
</kw>
<kw name="Run Application" library="AppLibrary">
<status status="PASS" starttime="20231120 22:52:12.296" endtime="20231120 22:52:12.297"/>
</kw>
<status status="PASS" starttime="20231120 22:52:12.296" endtime="20231120 22:52:12.297"/>
</kw>
<kw name="Output Should Contain" library="AppLibrary">
<arg>Username too short</arg>
<status status="PASS" starttime="20231120 22:52:12.297" endtime="20231120 22:52:12.297"/>
</kw>
<status status="PASS" starttime="20231120 22:52:12.295" endtime="20231120 22:52:12.297"/>
</test>
<test id="s1-s2-t4" name="Register With Enough Long But Invalid Username And Valid Password" line="25">
<kw name="Create User And Input Register Command" type="SETUP">
<kw name="Create User" library="AppLibrary">
<arg>kalle</arg>
<arg>kalle123</arg>
<status status="PASS" starttime="20231120 22:52:12.297" endtime="20231120 22:52:12.298"/>
</kw>
<kw name="Input Register Command" library="resource">
<kw name="Input" library="AppLibrary">
<arg>new</arg>
<status status="PASS" starttime="20231120 22:52:12.298" endtime="20231120 22:52:12.298"/>
</kw>
<status status="PASS" starttime="20231120 22:52:12.298" endtime="20231120 22:52:12.298"/>
</kw>
<status status="PASS" starttime="20231120 22:52:12.297" endtime="20231120 22:52:12.298"/>
</kw>
<kw name="Input Credentials" library="resource">
<arg>äippä</arg>
<arg>kalle123</arg>
<kw name="Input" library="AppLibrary">
<arg>${username}</arg>
<status status="PASS" starttime="20231120 22:52:12.298" endtime="20231120 22:52:12.298"/>
</kw>
<kw name="Input" library="AppLibrary">
<arg>${password}</arg>
<status status="PASS" starttime="20231120 22:52:12.298" endtime="20231120 22:52:12.298"/>
</kw>
<kw name="Run Application" library="AppLibrary">
<status status="PASS" starttime="20231120 22:52:12.298" endtime="20231120 22:52:12.299"/>
</kw>
<status status="PASS" starttime="20231120 22:52:12.298" endtime="20231120 22:52:12.299"/>
</kw>
<kw name="Output Should Contain" library="AppLibrary">
<arg>Username contains invalid characters</arg>
<status status="PASS" starttime="20231120 22:52:12.299" endtime="20231120 22:52:12.299"/>
</kw>
<status status="PASS" starttime="20231120 22:52:12.297" endtime="20231120 22:52:12.299"/>
</test>
<test id="s1-s2-t5" name="Register With Valid Username And Too Short Password" line="29">
<kw name="Create User And Input Register Command" type="SETUP">
<kw name="Create User" library="AppLibrary">
<arg>kalle</arg>
<arg>kalle123</arg>
<status status="PASS" starttime="20231120 22:52:12.299" endtime="20231120 22:52:12.299"/>
</kw>
<kw name="Input Register Command" library="resource">
<kw name="Input" library="AppLibrary">
<arg>new</arg>
<status status="PASS" starttime="20231120 22:52:12.300" endtime="20231120 22:52:12.300"/>
</kw>
<status status="PASS" starttime="20231120 22:52:12.300" endtime="20231120 22:52:12.300"/>
</kw>
<status status="PASS" starttime="20231120 22:52:12.299" endtime="20231120 22:52:12.300"/>
</kw>
<kw name="Input Credentials" library="resource">
<arg>kalle</arg>
<arg>moi123</arg>
<kw name="Input" library="AppLibrary">
<arg>${username}</arg>
<status status="PASS" starttime="20231120 22:52:12.300" endtime="20231120 22:52:12.300"/>
</kw>
<kw name="Input" library="AppLibrary">
<arg>${password}</arg>
<status status="PASS" starttime="20231120 22:52:12.300" endtime="20231120 22:52:12.301"/>
</kw>
<kw name="Run Application" library="AppLibrary">
<status status="PASS" starttime="20231120 22:52:12.301" endtime="20231120 22:52:12.301"/>
</kw>
<status status="PASS" starttime="20231120 22:52:12.300" endtime="20231120 22:52:12.301"/>
</kw>
<kw name="Output Should Contain" library="AppLibrary">
<arg>Password too short</arg>
<status status="PASS" starttime="20231120 22:52:12.301" endtime="20231120 22:52:12.301"/>
</kw>
<status status="PASS" starttime="20231120 22:52:12.299" endtime="20231120 22:52:12.301"/>
</test>
<test id="s1-s2-t6" name="Register With Valid Username And Long Enough Password Containing Only Letters" line="33">
<kw name="Create User And Input Register Command" type="SETUP">
<kw name="Create User" library="AppLibrary">
<arg>kalle</arg>
<arg>kalle123</arg>
<status status="PASS" starttime="20231120 22:52:12.302" endtime="20231120 22:52:12.302"/>
</kw>
<kw name="Input Register Command" library="resource">
<kw name="Input" library="AppLibrary">
<arg>new</arg>
<status status="PASS" starttime="20231120 22:52:12.302" endtime="20231120 22:52:12.302"/>
</kw>
<status status="PASS" starttime="20231120 22:52:12.302" endtime="20231120 22:52:12.302"/>
</kw>
<status status="PASS" starttime="20231120 22:52:12.301" endtime="20231120 22:52:12.302"/>
</kw>
<kw name="Input Credentials" library="resource">
<arg>kalle</arg>
<arg>kallella</arg>
<kw name="Input" library="AppLibrary">
<arg>${username}</arg>
<status status="PASS" starttime="20231120 22:52:12.302" endtime="20231120 22:52:12.302"/>
</kw>
<kw name="Input" library="AppLibrary">
<arg>${password}</arg>
<status status="PASS" starttime="20231120 22:52:12.303" endtime="20231120 22:52:12.303"/>
</kw>
<kw name="Run Application" library="AppLibrary">
<status status="PASS" starttime="20231120 22:52:12.303" endtime="20231120 22:52:12.303"/>
</kw>
<status status="PASS" starttime="20231120 22:52:12.302" endtime="20231120 22:52:12.303"/>
</kw>
<kw name="Output Should Contain" library="AppLibrary">
<arg>Password consists of only letters</arg>
<status status="PASS" starttime="20231120 22:52:12.303" endtime="20231120 22:52:12.303"/>
</kw>
<status status="PASS" starttime="20231120 22:52:12.301" endtime="20231120 22:52:12.303"/>
</test>
<status status="PASS" starttime="20231120 22:52:12.287" endtime="20231120 22:52:12.303"/>
</suite>
<status status="PASS" starttime="20231120 22:52:12.258" endtime="20231120 22:52:12.304"/>
</suite>
<statistics>
<total>
<stat pass="9" fail="0" skip="0">All Tests</stat>
</total>
<tag>
</tag>
<suite>
<stat pass="9" fail="0" skip="0" id="s1" name="Tests">Tests</stat>
<stat pass="3" fail="0" skip="0" id="s1-s1" name="Login">Tests.Login</stat>
<stat pass="6" fail="0" skip="0" id="s1-s2" name="Register">Tests.Register</stat>
</suite>
</statistics>
<errors>
</errors>
</robot>
